1|3|3|0||2015-04-13
1|90|3|1|2015-04-13|
2|3|3|0||2015-04-13
2|90|3|1|2015-04-13|
3|3|3|0||2015-04-13
3|90|3|1|2015-04-13|
4|3|3|0||2015-04-13
4|90|3|1|2015-04-13|
5|3|3|0||2015-04-13
5|90|3|1|2015-04-13|
6|3|3|0||2015-04-13
6|90|3|1|2015-04-13|
7|3|3|0||2015-04-13
7|90|3|1|2015-04-13|
8|3|3|0||2015-04-13
8|90|3|1|2015-04-13|
9|3|3|0||2015-04-13
9|90|3|1|2015-04-13|
10|3|3|0||2015-04-13
10|90|3|1|2015-04-13|
11|3|3|0||2015-04-13
11|90|3|1|2015-04-13|
12|3|3|0||2015-04-13
12|90|3|1|2015-04-13|
13|3|3|0||2015-04-13
13|90|3|1|2015-04-13|
14|3|3|0||2015-04-13
14|90|3|1|2015-04-13|
15|3|3|0||2015-04-13
15|90|3|1|2015-04-13|
16|3|3|0||2015-04-13
16|90|3|1|2015-04-13|
17|3|3|0||2015-04-13
17|90|3|1|2015-04-13|
18|13|1|0||2015-04-22
18|64|1|1|2015-04-22|
18|8|2|0||2015-04-22
18|6|2|1|2015-04-22|
18|3|3|0||2015-04-13
18|90|3|1|2015-04-13|
19|3|3|0||2015-04-13
19|90|3|1|2015-04-13|
20|90|3|1|2015-04-13|
21|3|3|0||2015-04-13
21|90|3|1|2015-04-13|
22|3|3|0||2015-04-13
22|90|3|1|2015-04-13|
23|90|3|1|2015-04-13|
24|3|3|0||2015-04-13
24|90|3|1|2015-04-13|
25|3|3|0||2015-04-13
25|90|3|1|2015-04-13|
26|3|3|0||2015-04-13
26|90|3|1|2015-04-13|
28|3|3|0||2015-04-13
28|90|3|1|2015-04-13|
29|3|3|0||2015-04-13
29|90|3|1|2015-04-13|
30|3|3|0||2015-04-13
30|90|3|1|2015-04-13|
31|3|3|0||2015-04-13
31|90|3|1|2015-04-13|
32|3|3|0||2015-04-13
32|90|3|1|2015-04-13|
34|3|3|0||2015-04-13
34|93|3|1|2015-04-13|
34|90|3|0|2015-04-13|2015-04-13
35|3|3|0||2015-04-13
35|90|3|1|2015-04-13|
36|3|3|0||2015-04-13
36|90|3|1|2015-04-13|
37|3|3|0||2015-04-13
37|90|3|1|2015-04-13|
38|3|3|0||2015-04-13
38|90|3|1|2015-04-13|
39|3|3|0||2015-04-13
39|90|3|1|2015-04-13|
41|3|3|0||2015-04-13
41|90|3|1|2015-04-13|
42|90|3|1|2015-04-13|
43|90|3|1|2015-04-13|
44|90|3|1|2015-04-13|
45|90|3|1|2015-04-13|
46|90|3|1|2015-04-13|
47|3|3|0||2015-04-13
47|90|3|1|2015-04-13|
48|3|3|0||2015-04-13
48|90|3|1|2015-04-13|
49|3|3|0||2015-04-13
49|90|3|1|2015-04-13|
51|3|3|0||2015-04-13
51|90|3|1|2015-04-13|
52|3|3|0||2015-04-13
52|90|3|1|2015-04-13|
53|3|3|0||2015-04-13
53|90|3|1|2015-04-13|
54|3|3|0||2015-04-13
54|90|3|1|2015-04-13|
55|3|3|0||2015-04-13
55|90|3|1|2015-04-13|
56|3|3|0||2015-04-13
56|90|3|1|2015-04-13|
57|3|3|0||2015-04-13
57|90|3|1|2015-04-13|
58|90|3|1|2015-04-13|
59|3|3|0||2015-04-13
59|90|3|1|2015-04-13|
60|3|3|0||2015-04-13
60|90|3|1|2015-04-13|
61|3|3|0||2015-04-13
61|90|3|1|2015-04-13|
62|3|3|0||2015-04-13
62|90|3|1|2015-04-13|
63|3|3|0||2015-04-13
63|90|3|1|2015-04-13|
64|3|3|0||2015-04-13
64|90|3|1|2015-04-13|
65|3|3|0||2015-04-13
65|90|3|1|2015-04-13|
66|3|3|0||2015-04-13
66|90|3|1|2015-04-13|
68|3|3|0||2015-04-13
68|90|3|1|2015-04-13|
70|3|3|0||2015-04-13
70|90|3|1|2015-04-13|
71|3|3|0||2015-04-13
71|90|3|1|2015-04-13|
72|90|3|1|2015-04-13|
73|3|3|0||2015-04-13
73|90|3|1|2015-04-13|
74|29|1|0||2015-04-03
74|8|2|0||2015-04-03
74|3|3|0||2015-04-13
74|94|3|1|2015-04-03|
74|90|3|0|2015-04-13|2015-04-03
75|3|3|0||2015-04-13
75|90|3|1|2015-04-13|
76|3|3|0||2015-04-13
76|90|3|1|2015-04-13|
77|3|3|0||2015-04-13
77|90|3|1|2015-04-13|
78|3|3|0||2015-04-13
78|90|3|1|2015-04-13|
79|3|3|0||2015-04-13
79|90|3|1|2015-04-13|
80|3|3|0||2015-04-13
80|90|3|1|2015-04-13|
81|3|3|0||2015-04-13
81|90|3|1|2015-04-13|
82|3|3|0||2015-04-13
82|90|3|1|2015-04-13|
83|3|3|0||2015-04-13
83|90|3|1|2015-04-13|
84|3|3|0||2015-04-13
84|90|3|1|2015-04-13|
85|3|3|0||2015-04-13
85|90|3|1|2015-04-13|
86|3|3|0||2015-04-13
86|90|3|1|2015-04-13|
87|3|3|0||2015-04-13
87|90|3|1|2015-04-13|
88|3|3|0||2015-04-13
88|90|3|1|2015-04-13|
89|52|1|0||2015-04-23
89|8|2|0||2015-04-23
89|3|3|0||2015-04-13
89|93|3|1|2015-04-13|
89|90|3|0|2015-04-13|2015-04-13
89|93|3|0|2015-04-13|2015-04-13
90|3|3|0||2015-04-13
90|90|3|1|2015-04-13|
91|3|3|0||2015-04-13
91|90|3|1|2015-04-13|
92|3|3|0||2015-04-13
92|90|3|1|2015-04-13|
93|3|3|0||2015-04-13
93|90|3|1|2015-04-13|
94|3|3|0||2015-04-13
94|90|3|1|2015-04-13|
95|3|3|0||2015-04-13
95|90|3|1|2015-04-13|
96|3|3|0||2015-04-13
96|90|3|1|2015-04-13|
97|3|3|0||2015-04-13
97|90|3|1|2015-04-13|
98|3|3|0||2015-04-13
98|90|3|1|2015-04-13|
99|3|3|0||2015-04-13
99|90|3|1|2015-04-13|
100|3|3|0||2015-04-13
100|90|3|1|2015-04-13|
101|3|3|0||2015-04-13
101|90|3|1|2015-04-13|
102|3|3|0||2015-04-13
102|90|3|1|2015-04-13|
103|3|3|0||2015-04-13
103|90|3|1|2015-04-13|
104|3|3|0||2015-04-13
104|90|3|1|2015-04-13|
105|3|3|0||2015-04-13
105|90|3|1|2015-04-13|
106|3|3|0||2015-04-13
106|90|3|1|2015-04-13|
107|3|3|0||2015-04-13
107|90|3|1|2015-04-13|
108|3|3|0||2015-04-13
108|90|3|1|2015-04-13|
109|3|3|0||2015-04-13
109|90|3|1|2015-04-13|
110|3|3|0||2015-04-13
110|90|3|1|2015-04-13|
112|3|3|0||2015-04-13
112|90|3|1|2015-04-13|
113|3|3|0||2015-04-13
113|90|3|1|2015-04-13|
114|3|3|0||2015-04-13
114|90|3|1|2015-04-13|
115|3|3|0||2015-04-13
115|90|3|1|2015-04-13|
116|3|3|0||2015-04-13
116|90|3|1|2015-04-13|
117|3|3|0||2015-04-13
117|90|3|1|2015-04-13|
118|3|3|0||2015-04-13
118|90|3|1|2015-04-13|
119|90|3|1|2015-04-13|
120|90|3|1|2015-04-13|
121|90|3|1|2015-04-13|
122|90|3|1|2015-04-13|
123|3|3|0||2015-04-13
123|90|3|1|2015-04-13|
125|21|1|0||2015-04-13
125|20|1|1|2015-04-13|
125|3|3|0||2015-04-13
125|90|3|1|2015-04-13|
126|3|3|0||2015-04-13
126|90|3|1|2015-04-13|
127|3|3|0||2015-04-13
127|90|3|1|2015-04-13|
128|3|3|0||2015-04-13
128|90|3|1|2015-04-13|
129|3|3|0||2015-04-13
129|90|3|1|2015-04-13|
131|3|3|0||2015-04-13
131|90|3|1|2015-04-13|
132|3|3|0||2015-04-13
132|90|3|1|2015-04-13|
133|3|3|0||2015-04-13
133|90|3|1|2015-04-13|
134|90|3|1|2015-04-13|
135|90|3|1|2015-04-13|
136|62|1|0||2015-04-23
136|0|1|0|2015-04-23|2015-04-23
136|8|2|0||2015-04-23
136|93|3|1|2015-04-13|
136|90|3|0|2015-04-13|2015-04-13
137|3|3|0||2015-04-13
137|90|3|1|2015-04-13|
138|3|3|0||2015-04-13
138|90|3|1|2015-04-13|
139|3|3|0||2015-04-13
139|90|3|1|2015-04-13|
140|3|3|0||2015-04-13
140|90|3|1|2015-04-13|
141|21|1|0||2015-04-13
141|0|1|1|2015-04-13|
141|3|3|0||2015-04-13
141|93|3|1|2015-04-13|
142|3|3|0||2015-04-13
142|90|3|1|2015-04-13|
143|3|3|0||2015-04-13
143|90|3|1|2015-04-13|
144|3|3|0||2015-04-13
144|90|3|1|2015-04-13|
145|3|3|0||2015-04-13
145|90|3|1|2015-04-13|
149|62|1|0||2015-04-23
149|8|2|0||2015-04-23
149|3|3|0||2015-04-13
149|93|3|1|2015-04-13|
149|90|3|0|2015-04-13|2015-04-13
151|3|3|0||2015-04-13
151|90|3|1|2015-04-13|
152|3|3|0||2015-04-13
152|90|3|1|2015-04-13|
153|3|3|0||2015-04-13
153|90|3|1|2015-04-13|
154|3|3|0||2015-04-13
154|90|3|1|2015-04-13|
155|90|3|1|2015-04-13|
156|3|3|0||2015-04-13
156|90|3|1|2015-04-13|
157|3|3|0||2015-04-13
157|90|3|1|2015-04-13|
158|62|1|0||2015-04-23
158|0|1|0|2015-04-23|2015-04-23
158|8|2|0||2015-04-23
158|3|3|0||2015-04-13
158|93|3|1|2015-04-13|
158|90|3|0|2015-04-13|2015-04-13
159|3|3|0||2015-04-13
159|90|3|1|2015-04-13|
160|3|3|0||2015-04-13
160|90|3|1|2015-04-13|
161|3|3|0||2015-04-13
161|90|3|1|2015-04-13|
162|3|3|0||2015-04-13
162|90|3|1|2015-04-13|
163|3|3|0||2015-04-13
163|90|3|1|2015-04-13|
164|3|3|0||2015-04-13
164|90|3|1|2015-04-13|
165|3|3|0||2015-04-13
165|90|3|1|2015-04-13|
166|3|3|0||2015-04-13
166|90|3|1|2015-04-13|
167|3|3|0||2015-04-13
167|90|3|1|2015-04-13|
168|3|3|0||2015-04-13
168|90|3|1|2015-04-13|
169|3|3|0||2015-04-13
169|90|3|1|2015-04-13|
171|3|3|0||2015-04-13
171|90|3|1|2015-04-13|
172|3|3|0||2015-04-13
172|90|3|1|2015-04-13|
173|3|3|0||2015-04-13
173|90|3|1|2015-04-13|
174|3|3|0||2015-04-13
174|90|3|1|2015-04-13|
175|3|3|0||2015-04-13
175|90|3|1|2015-04-13|
176|3|3|0||2015-04-13
176|90|3|1|2015-04-13|
177|3|3|0||2015-04-13
177|90|3|1|2015-04-13|
180|21|1|0||2015-04-13
180|0|1|1|2015-04-13|
180|3|3|0||2015-04-13
180|93|3|1|2015-04-13|
182|3|3|0||2015-04-13
182|90|3|1|2015-04-13|
183|3|3|0||2015-04-13
183|90|3|1|2015-04-13|
184|21|1|0||2015-04-13
184|53|1|1|2015-04-13|
185|3|3|0||2015-04-13
185|90|3|1|2015-04-13|
186|3|3|0||2015-04-13
186|90|3|1|2015-04-13|
187|3|3|0||2015-04-13
187|90|3|1|2015-04-13|
188|3|3|0||2015-04-13
188|90|3|1|2015-04-13|
189|3|3|0||2015-04-13
189|90|3|1|2015-04-13|
190|90|3|1|2015-04-13|
191|3|3|0||2015-04-13
191|90|3|1|2015-04-13|
192|3|3|0||2015-04-13
192|90|3|1|2015-04-13|
193|3|3|0||2015-04-13
193|90|3|1|2015-04-13|
194|3|3|0||2015-04-13
194|90|3|1|2015-04-13|
195|3|3|0||2015-04-13
195|90|3|1|2015-04-13|
200|3|3|0||2015-04-13
200|90|3|1|2015-04-13|
201|3|3|0||2015-04-13
201|90|3|1|2015-04-13|
202|3|3|0||2015-04-13
202|90|3|1|2015-04-13|
204|3|3|0||2015-04-13
204|90|3|1|2015-04-13|
205|77|1|0||2015-04-22
205|6|2|0||2015-04-22
205|3|3|0||2015-04-13
205|90|3|0|2015-04-13|2015-04-22
205|94|3|1|2015-04-22|
206|3|3|0||2015-04-13
206|90|3|1|2015-04-13|
207|3|3|0||2015-04-13
207|90|3|1|2015-04-13|
208|77|1|0||2015-04-22
208|60|1|1|2015-04-22|
208|6|2|0||2015-04-22
208|8|2|1|2015-04-22|
208|3|3|0||2015-04-13
208|90|3|1|2015-04-13|
209|3|3|0||2015-04-13
209|90|3|1|2015-04-13|
210|90|3|1|2015-04-13|
211|9|1|0||2015-04-15
211|0|1|1|2015-04-15|
211|3|3|0||2015-04-13
211|90|3|0|2015-04-13|2015-04-15
211|94|3|0|2015-04-15|2015-04-20
211|93|3|1|2015-04-20|
212|3|3|0||2015-04-13
212|90|3|1|2015-04-13|
213|77|1|0||2015-04-22
213|60|1|1|2015-04-22|
213|3|3|0||2015-04-13
213|90|3|1|2015-04-13|
214|3|3|0||2015-04-13
214|90|3|1|2015-04-13|
215|77|1|0||2015-04-22
215|6|2|0||2015-04-22
215|3|3|0||2015-04-13
215|90|3|0|2015-04-13|2015-04-22
215|94|3|1|2015-04-22|
216|3|3|0||2015-04-13
216|90|3|1|2015-04-13|
217|3|3|0||2015-04-13
217|90|3|1|2015-04-13|
218|3|3|0||2015-04-13
218|90|3|1|2015-04-13|
219|21|1|0||2015-04-13
219|79|1|1|2015-04-13|
219|3|3|0||2015-04-13
219|90|3|1|2015-04-13|
220|3|3|0||2015-04-13
220|90|3|1|2015-04-13|
221|3|3|0||2015-04-13
221|90|3|1|2015-04-13|
222|3|3|0||2015-04-13
222|90|3|1|2015-04-13|
223|90|3|1|2015-04-13|
224|3|3|0||2015-04-13
224|90|3|1|2015-04-13|
225|90|3|1|2015-04-13|
226|3|3|0||2015-04-13
226|90|3|1|2015-04-13|
227|3|3|0||2015-04-13
227|90|3|1|2015-04-13|
228|3|3|0||2015-04-13
228|90|3|1|2015-04-13|
229|3|3|0||2015-04-13
229|90|3|1|2015-04-13|
230|3|3|0||2015-04-13
230|90|3|1|2015-04-13|
231|3|3|0||2015-04-13
231|90|3|1|2015-04-13|
232|3|3|0||2015-04-13
232|90|3|1|2015-04-13|
233|3|3|0||2015-04-13
233|90|3|1|2015-04-13|
234|3|3|0||2015-04-13
234|90|3|1|2015-04-13|
235|3|3|0||2015-04-13
235|90|3|1|2015-04-13|
236|60|1|0||2015-04-22
236|8|2|0||2015-04-22
236|90|3|0|2015-04-13|2015-04-22
236|94|3|1|2015-04-22|
237|3|3|0||2015-04-13
237|90|3|1|2015-04-13|
238|3|3|0||2015-04-13
238|90|3|1|2015-04-13|
239|60|1|0||2015-04-22
239|8|2|0||2015-04-22
239|3|3|0||2015-04-13
239|90|3|0|2015-04-13|2015-04-22
239|94|3|1|2015-04-22|
240|3|3|0||2015-04-13
240|90|3|1|2015-04-13|
241|3|3|0||2015-04-13
241|90|3|1|2015-04-13|
242|3|3|0||2015-04-13
242|90|3|1|2015-04-13|
243|3|3|0||2015-04-13
243|90|3|1|2015-04-13|
244|3|3|0||2015-04-13
244|90|3|1|2015-04-13|
245|3|3|0||2015-04-13
245|90|3|1|2015-04-13|
246|3|3|0||2015-04-13
246|90|3|1|2015-04-13|
247|3|3|0||2015-04-13
247|90|3|1|2015-04-13|
248|3|3|0||2015-04-13
248|90|3|1|2015-04-13|
249|3|3|0||2015-04-13
249|90|3|1|2015-04-13|
250|3|3|0||2015-04-13
250|90|3|1|2015-04-13|
251|3|3|0||2015-04-13
251|90|3|1|2015-04-13|
252|3|3|0||2015-04-13
252|90|3|1|2015-04-13|
253|3|3|0||2015-04-13
253|90|3|1|2015-04-13|
254|3|3|0||2015-04-13
254|90|3|1|2015-04-13|
255|3|3|0||2015-04-13
255|90|3|1|2015-04-13|
256|3|3|0||2015-04-13
256|90|3|1|2015-04-13|
257|62|1|0||2015-04-23
257|8|2|0||2015-04-23
257|3|3|0||2015-04-13
257|93|3|1|2015-04-13|
257|90|3|0|2015-04-13|2015-04-13
258|3|3|0||2015-04-13
258|90|3|1|2015-04-13|
259|3|3|0||2015-04-13
259|90|3|1|2015-04-13|
260|3|3|0||2015-04-13
260|90|3|1|2015-04-13|
261|3|3|0||2015-04-13
261|90|3|1|2015-04-13|
262|3|3|0||2015-04-13
262|90|3|1|2015-04-13|
263|3|3|0||2015-04-13
263|90|3|1|2015-04-13|
264|3|3|0||2015-04-13
264|90|3|1|2015-04-13|
265|3|3|0||2015-04-13
265|90|3|1|2015-04-13|
266|52|1|0||2015-04-23
266|8|2|0||2015-04-23
266|3|3|0||2015-04-13
266|93|3|1|2015-04-13|
266|90|3|0|2015-04-13|2015-04-13
266|93|3|0|2015-04-13|2015-04-13
267|3|3|0||2015-04-13
267|90|3|1|2015-04-13|
268|3|3|0||2015-04-13
268|90|3|1|2015-04-13|
269|3|3|0||2015-04-13
269|90|3|1|2015-04-13|
270|3|3|0||2015-04-13
270|90|3|1|2015-04-13|
271|3|3|0||2015-04-13
271|90|3|1|2015-04-13|
272|52|1|0||2015-04-22
272|59|1|1|2015-04-22|
272|8|2|0||2015-04-22
272|6|2|1|2015-04-22|
272|3|3|0||2015-04-13
272|90|3|0|2015-04-13|2015-04-13
272|93|3|0|2015-04-13|2015-04-22
272|90|3|1|2015-04-22|
274|3|3|0||2015-04-13
274|90|3|1|2015-04-13|
277|90|3|1|2015-04-13|
278|90|3|1|2015-04-13|
279|3|3|0||2015-04-13
279|90|3|1|2015-04-13|
280|3|3|0||2015-04-13
280|90|3|1|2015-04-13|
281|3|3|0||2015-04-13
281|90|3|1|2015-04-13|
282|3|3|0||2015-04-13
282|90|3|1|2015-04-13|
283|3|3|0||2015-04-13
283|90|3|1|2015-04-13|
284|3|3|0||2015-04-13
284|90|3|1|2015-04-13|
285|3|3|0||2015-04-13
285|90|3|1|2015-04-13|
286|3|3|0||2015-04-13
286|90|3|1|2015-04-13|
287|3|3|0||2015-04-13
287|90|3|1|2015-04-13|
288|90|3|1|2015-04-13|
289|3|3|0||2015-04-13
289|90|3|1|2015-04-13|
291|3|3|0||2015-04-13
291|90|3|1|2015-04-13|
292|3|3|0||2015-04-13
292|90|3|1|2015-04-13|
293|3|3|0||2015-04-13
293|90|3|1|2015-04-13|
294|3|3|0||2015-04-13
294|90|3|1|2015-04-13|
296|90|3|1|2015-04-13|
297|90|3|1|2015-04-13|
298|90|3|1|2015-04-13|
299|90|3|1|2015-04-13|
300|3|3|0||2015-04-13
300|90|3|1|2015-04-13|
301|3|3|0||2015-04-13
301|90|3|1|2015-04-13|
302|3|3|0||2015-04-13
302|90|3|1|2015-04-13|
303|3|3|0||2015-04-13
303|90|3|1|2015-04-13|
304|3|3|0||2015-04-13
304|90|3|1|2015-04-13|
305|3|3|0||2015-04-13
305|90|3|1|2015-04-13|
306|52|1|0||2015-04-23
306|8|2|0||2015-04-23
306|3|3|0||2015-04-13
306|93|3|1|2015-04-13|
306|90|3|0|2015-04-13|2015-04-13
307|3|3|0||2015-04-13
307|90|3|1|2015-04-13|
308|3|3|0||2015-04-13
308|90|3|1|2015-04-13|
309|3|3|0||2015-04-13
309|90|3|1|2015-04-13|
310|3|3|0||2015-04-13
310|90|3|1|2015-04-13|
311|3|3|0||2015-04-13
311|90|3|1|2015-04-13|
312|3|3|0||2015-04-13
312|90|3|1|2015-04-13|
313|3|3|0||2015-04-13
313|90|3|1|2015-04-13|
314|3|3|0||2015-04-13
314|90|3|1|2015-04-13|
315|3|3|0||2015-04-13
315|90|3|1|2015-04-13|
316|3|3|0||2015-04-13
316|90|3|1|2015-04-13|
317|3|3|0||2015-04-13
317|90|3|1|2015-04-13|
318|66|1|0||2015-04-06
318|95|1|1|2015-04-06|
318|3|3|0||2015-04-13
318|90|3|1|2015-04-13|
319|3|3|0||2015-04-13
319|90|3|1|2015-04-13|
320|3|3|0||2015-04-13
320|90|3|1|2015-04-13|
321|3|3|0||2015-04-13
321|90|3|1|2015-04-13|
322|3|3|0||2015-04-13
322|90|3|1|2015-04-13|
324|3|3|0||2015-04-13
324|90|3|1|2015-04-13|
325|62|1|0||2015-04-23
325|0|1|0|2015-04-23|2015-04-23
325|8|2|0||2015-04-23
325|3|3|0||2015-04-13
325|93|3|1|2015-04-13|
325|90|3|0|2015-04-13|2015-04-13
326|3|3|0||2015-04-13
326|90|3|1|2015-04-13|
327|3|3|0||2015-04-13
327|90|3|1|2015-04-13|
329|3|3|0||2015-04-13
329|90|3|1|2015-04-13|
330|3|3|0||2015-04-13
330|90|3|1|2015-04-13|
331|3|3|0||2015-04-13
331|90|3|1|2015-04-13|
332|3|3|0||2015-04-13
332|90|3|1|2015-04-13|
333|3|3|0||2015-04-13
333|90|3|1|2015-04-13|
334|3|3|0||2015-04-13
334|90|3|1|2015-04-13|
335|3|3|0||2015-04-13
335|90|3|1|2015-04-13|
336|3|3|0||2015-04-13
336|90|3|1|2015-04-13|
337|3|3|0||2015-04-13
337|90|3|1|2015-04-13|
339|3|3|0||2015-04-13
339|90|3|1|2015-04-13|
340|3|3|0||2015-04-13
340|90|3|1|2015-04-13|
341|3|3|0||2015-04-13
341|90|3|1|2015-04-13|
342|3|3|0||2015-04-13
342|90|3|1|2015-04-13|
343|3|3|0||2015-04-13
343|90|3|1|2015-04-13|
344|3|3|0||2015-04-13
344|90|3|1|2015-04-13|
345|62|1|0||2015-04-23
345|0|1|0|2015-04-23|2015-04-23
345|8|2|0||2015-04-23
345|3|3|0||2015-04-13
345|93|3|1|2015-04-13|
345|90|3|0|2015-04-13|2015-04-13
346|3|3|0||2015-04-13
346|90|3|1|2015-04-13|
347|3|3|0||2015-04-13
347|90|3|1|2015-04-13|
348|3|3|0||2015-04-13
348|90|3|1|2015-04-13|
349|3|3|0||2015-04-13
349|90|3|1|2015-04-13|
350|3|3|0||2015-04-13
350|90|3|1|2015-04-13|
351|3|3|0||2015-04-13
351|90|3|1|2015-04-13|
352|3|3|0||2015-04-13
352|90|3|1|2015-04-13|
353|3|3|0||2015-04-13
353|90|3|1|2015-04-13|
354|3|3|0||2015-04-13
354|90|3|1|2015-04-13|
355|3|3|0||2015-04-13
355|90|3|1|2015-04-13|
356|59|1|0||2015-04-22
356|6|2|0||2015-04-22
356|3|3|0||2015-04-13
356|90|3|0|2015-04-13|2015-04-22
356|94|3|1|2015-04-22|
357|3|3|0||2015-04-13
357|90|3|1|2015-04-13|
358|3|3|0||2015-04-13
358|90|3|1|2015-04-13|
359|3|3|0||2015-04-13
359|90|3|1|2015-04-13|
360|3|3|0||2015-04-13
360|90|3|1|2015-04-13|
361|3|3|0||2015-04-13
361|90|3|1|2015-04-13|
362|3|3|0||2015-04-13
362|90|3|1|2015-04-13|
363|3|3|0||2015-04-13
363|90|3|1|2015-04-13|
364|3|3|0||2015-04-13
364|90|3|1|2015-04-13|
365|3|3|0||2015-04-13
365|90|3|1|2015-04-13|
366|3|3|0||2015-04-13
366|90|3|1|2015-04-13|
367|3|3|0||2015-04-13
367|90|3|1|2015-04-13|
368|3|3|0||2015-04-13
368|90|3|1|2015-04-13|
369|3|3|0||2015-04-13
369|90|3|1|2015-04-13|
370|3|3|0||2015-04-13
370|90|3|1|2015-04-13|
371|3|3|0||2015-04-13
371|90|3|1|2015-04-13|
372|66|1|0||2015-04-21
372|95|1|1|2015-04-21|
372|3|3|0||2015-04-13
372|90|3|1|2015-04-13|
373|3|3|0||2015-04-13
373|90|3|1|2015-04-13|
374|3|3|0||2015-04-13
374|90|3|1|2015-04-13|
375|3|3|0||2015-04-13
375|90|3|1|2015-04-13|
376|3|3|0||2015-04-13
376|90|3|1|2015-04-13|
377|21|1|0||2015-04-13
377|67|1|1|2015-04-13|
377|3|3|0||2015-04-13
377|90|3|1|2015-04-13|
378|3|3|0||2015-04-13
378|90|3|1|2015-04-13|
379|3|3|0||2015-04-13
379|90|3|1|2015-04-13|
380|3|3|0||2015-04-13
380|90|3|1|2015-04-13|
381|3|3|0||2015-04-13
381|90|3|1|2015-04-13|
382|3|3|0||2015-04-13
382|90|3|1|2015-04-13|
384|66|1|0||2015-04-21
384|95|1|1|2015-04-21|
384|3|3|0||2015-04-13
384|90|3|1|2015-04-13|
385|3|3|0||2015-04-13
385|90|3|1|2015-04-13|
386|3|3|0||2015-04-13
386|90|3|1|2015-04-13|
387|3|3|0||2015-04-13
387|90|3|1|2015-04-13|
388|3|3|0||2015-04-13
388|90|3|1|2015-04-13|
389|3|3|0||2015-04-13
389|90|3|1|2015-04-13|
391|3|3|0||2015-04-13
391|90|3|1|2015-04-13|
392|3|3|0||2015-04-13
392|90|3|1|2015-04-13|
393|3|3|0||2015-04-13
393|90|3|1|2015-04-13|
394|52|1|0||2015-04-23
394|8|2|0||2015-04-23
394|3|3|0||2015-04-13
394|93|3|1|2015-04-13|
394|90|3|0|2015-04-13|2015-04-13
395|3|3|0||2015-04-13
395|90|3|1|2015-04-13|
396|3|3|0||2015-04-13
396|90|3|1|2015-04-13|
397|52|1|0||2015-04-23
397|31|2|0||2015-04-23
397|3|3|0||2015-04-13
397|93|3|1|2015-04-13|
397|90|3|0|2015-04-13|2015-04-13
398|3|3|0||2015-04-13
398|90|3|1|2015-04-13|
399|3|3|0||2015-04-13
399|90|3|1|2015-04-13|
400|3|3|0||2015-04-13
400|90|3|1|2015-04-13|
401|3|3|0||2015-04-13
401|90|3|1|2015-04-13|
402|21|1|0||2015-04-13
402|0|1|1|2015-04-13|
402|3|3|0||2015-04-13
402|93|3|1|2015-04-13|
403|3|3|0||2015-04-13
403|90|3|1|2015-04-13|
404|3|3|0||2015-04-13
404|90|3|1|2015-04-13|
405|3|3|0||2015-04-13
405|93|3|1|2015-04-13|
406|3|3|0||2015-04-13
406|90|3|1|2015-04-13|
407|66|1|0||2015-04-06
407|95|1|1|2015-04-06|
407|3|3|0||2015-04-13
407|90|3|1|2015-04-13|
408|3|3|0||2015-04-13
408|90|3|1|2015-04-13|
409|3|3|0||2015-04-13
409|90|3|1|2015-04-13|
410|3|3|0||2015-04-13
410|90|3|1|2015-04-13|
411|3|3|0||2015-04-13
411|90|3|1|2015-04-13|
412|3|3|0||2015-04-13
412|90|3|1|2015-04-13|
413|3|3|0||2015-04-13
413|90|3|1|2015-04-13|
414|62|1|0||2015-04-23
414|0|1|0|2015-04-23|2015-04-23
414|8|2|0||2015-04-23
414|3|3|0||2015-04-13
414|93|3|1|2015-04-13|
414|90|3|0|2015-04-13|2015-04-13
415|62|1|0||2015-04-23
415|48|2|0||2015-04-23
415|3|3|0||2015-04-13
415|93|3|1|2015-04-13|
415|90|3|0|2015-04-13|2015-04-13
416|3|3|0||2015-04-13
416|90|3|1|2015-04-13|
417|3|3|0||2015-04-13
417|90|3|1|2015-04-13|
418|3|3|0||2015-04-13
418|90|3|1|2015-04-13|
419|3|3|0||2015-04-13
419|90|3|1|2015-04-13|
420|3|3|0||2015-04-13
420|90|3|1|2015-04-13|
421|3|3|0||2015-04-13
421|90|3|1|2015-04-13|
422|3|3|0||2015-04-13
422|90|3|1|2015-04-13|
423|3|3|0||2015-04-13
423|90|3|1|2015-04-13|
424|3|3|0||2015-04-13
424|90|3|1|2015-04-13|
425|3|3|0||2015-04-13
425|90|3|1|2015-04-13|
426|3|3|0||2015-04-13
426|90|3|1|2015-04-13|
427|3|3|0||2015-04-13
427|90|3|1|2015-04-13|
428|3|3|0||2015-04-13
428|90|3|1|2015-04-13|
429|3|3|0||2015-04-13
429|90|3|1|2015-04-13|
430|3|3|0||2015-04-13
430|90|3|1|2015-04-13|
431|3|3|0||2015-04-13
431|90|3|1|2015-04-13|
432|3|3|0||2015-04-13
432|90|3|1|2015-04-13|
433|3|3|0||2015-04-13
433|90|3|1|2015-04-13|
434|3|3|0||2015-04-13
434|90|3|1|2015-04-13|
435|3|3|0||2015-04-13
435|90|3|1|2015-04-13|
436|3|3|0||2015-04-13
436|94|3|1|2015-04-13|
436|90|3|0|2015-04-13|2015-04-13
437|3|3|0||2015-04-13
437|90|3|1|2015-04-13|
439|3|3|0||2015-04-13
439|90|3|1|2015-04-13|
440|3|3|0||2015-04-13
440|90|3|1|2015-04-13|
441|3|3|0||2015-04-13
441|90|3|1|2015-04-13|
442|3|3|0||2015-04-13
442|90|3|1|2015-04-13|
443|3|3|0||2015-04-13
443|90|3|1|2015-04-13|
444|3|3|0||2015-04-13
444|90|3|1|2015-04-13|
445|24|1|0||2015-04-14
445|29|1|1|2015-04-14|
445|3|3|0||2015-04-13
445|90|3|1|2015-04-13|
446|3|3|0||2015-04-13
446|90|3|1|2015-04-13|
447|3|3|0||2015-04-13
447|90|3|1|2015-04-13|
448|3|3|0||2015-04-13
448|90|3|1|2015-04-13|
449|3|3|0||2015-04-13
449|90|3|1|2015-04-13|
451|3|3|0||2015-04-13
451|90|3|1|2015-04-13|
455|39|1|1|2015-04-01|
455|39|1|0|2015-04-01|2015-04-01
455|21|1|0|2015-04-06|
455|8|2|1|2015-04-01|
455|8|2|0|2015-04-01|2015-04-01
455|71|2|0|2015-04-06|
455|90|3|1|2015-04-01|
455|3|3|0|2015-04-06|
455|4|4|1|2015-04-01|
455|4|4|0|2015-04-06|
456|91|1|0|2015-04-09|2015-04-13
456|29|1|0|2015-04-13|2015-04-14
456|55|1|1|2015-04-14|
456|8|2|1|2015-04-09|
456|90|3|0|2015-04-09|2015-04-13
456|90|3|1|2015-04-13|
456|4|4|1|2015-04-09|
457|13|1|1|2015-04-13|
457|12|2|1|2015-04-13|
457|90|3|1|2015-04-13|
457|92|4|1|2015-04-13|
458|11|1|1|2015-04-13|
458|12|2|1|2015-04-13|
458|90|3|1|2015-04-13|
458|92|4|1|2015-04-13|
459|13|1|1|2015-04-13|
459|12|2|1|2015-04-13|
459|90|3|1|2015-04-13|
459|92|4|1|2015-04-13|
460|11|1|1|2015-04-13|
460|12|2|1|2015-04-13|
460|90|3|1|2015-04-13|
460|92|4|1|2015-04-13|
461|64|1|0|2015-04-13|2015-04-22
461|6|2|0|2015-04-13|2015-04-22
461|90|3|0|2015-04-13|2015-04-22
461|94|3|1|2015-04-22|
461|92|4|1|2015-04-13|
462|64|1|1|2015-04-13|
462|6|2|1|2015-04-13|
462|90|3|1|2015-04-13|
462|92|4|1|2015-04-13|
463|36|1|1|2015-04-13|
463|23|2|1|2015-04-13|
463|90|3|1|2015-04-13|
463|92|4|1|2015-04-13|
464|11|1|1|2015-04-13|
464|12|2|1|2015-04-13|
464|90|3|1|2015-04-13|
464|92|4|1|2015-04-13|
465|11|1|1|2015-04-13|
465|12|2|1|2015-04-13|
465|90|3|1|2015-04-13|
465|92|4|1|2015-04-13|
466|20|1|1|2015-04-13|
466|8|2|1|2015-04-13|
466|90|3|1|2015-04-13|
466|92|4|1|2015-04-13|
467|61|1|1|2015-04-13|
467|8|2|1|2015-04-13|
467|90|3|1|2015-04-13|
467|92|4|1|2015-04-13|
468|83|1|1|2015-04-13|
468|8|2|1|2015-04-13|
468|90|3|1|2015-04-13|
468|92|4|1|2015-04-13|
469|28|1|1|2015-04-13|
469|31|2|1|2015-04-13|
469|90|3|1|2015-04-13|
469|92|4|1|2015-04-13|
470|55|1|1|2015-04-13|
470|8|2|1|2015-04-13|
470|90|3|1|2015-04-13|
470|92|4|1|2015-04-13|
471|61|1|1|2015-04-13|
471|8|2|1|2015-04-13|
471|90|3|1|2015-04-13|
471|92|4|1|2015-04-13|
472|61|1|1|2015-04-13|
472|8|2|1|2015-04-13|
472|90|3|1|2015-04-13|
472|92|4|1|2015-04-13|
473|24|1|1|2015-04-13|
473|8|2|1|2015-04-13|
473|90|3|1|2015-04-13|
473|92|4|1|2015-04-13|
474|13|1|1|2015-04-13|
474|8|2|1|2015-04-13|
474|90|3|1|2015-04-13|
474|92|4|1|2015-04-13|
475|18|1|1|2015-04-13|
475|8|2|1|2015-04-13|
475|90|3|1|2015-04-13|
475|92|4|1|2015-04-13|
476|57|1|1|2015-04-13|
476|8|2|1|2015-04-13|
476|90|3|1|2015-04-13|
476|92|4|1|2015-04-13|
477|61|1|1|2015-04-13|
477|8|2|1|2015-04-13|
477|90|3|1|2015-04-13|
477|92|4|1|2015-04-13|
478|11|1|1|2015-04-13|
478|12|2|1|2015-04-13|
478|90|3|1|2015-04-13|
478|92|4|1|2015-04-13|
479|13|1|1|2015-04-13|
479|12|2|1|2015-04-13|
479|90|3|1|2015-04-13|
479|92|4|1|2015-04-13|
480|75|1|1|2015-04-13|
480|8|2|1|2015-04-13|
480|90|3|1|2015-04-13|
480|92|4|1|2015-04-13|
481|0|1|1|2015-04-10|
481|0|2|1|2015-04-10|
481|93|3|1|2015-04-10|
481|4|4|1|2015-04-10|
482|0|1|1|2015-04-15|
482|0|2|1|2015-04-15|
482|93|3|1|2015-04-15|
482|94|3|0|2015-04-15|2015-04-15
482|4|4|1|2015-04-15|
14529|0|1|0|2015-04-23|2015-04-23
108126|0|1|0|2015-04-23|2015-04-23
108168|0|1|0|2015-04-23|2015-04-23
